<?xml version='1.0'?>
<ns2:test-suite xmlns:ns2='urn:model.allure.qatools.yandex.ru' start='1623733002647' stop='1623733002843'>
    <name>Volvo Test Validation</name>
    <title>Volvo Test Validation</title>
    <test-cases>
        <test-case start='1623733002648' status='failed' stop='1623733002816'>
            <name>Login Website</name>
            <title>Login Website</title>
            <labels>
                <label name='language' value='javascript'/>
                <label name='framework' value='wdio'/>
                <label name='thread' value='0-0'/>
            </labels>
            <parameters>
                <parameter kind='argument' name='browser' value='Chrome-91.0.4472.101'/>
            </parameters>
            <steps>
                <step start='1623733002827' status='undefined'>
                    <name>takeScreenshot</name>
                    <title>takeScreenshot</title>
                    <attachments/>
                    <steps>
                        <step start='1623733002828' status='undefined'>
                            <name>navigateTo</name>
                            <title>navigateTo</title>
                            <attachments>
                                <attachment title='Request' source='7bb9f7de-9370-4c97-ac4b-1d5dfd319a83-attachment.json' type='application/json' size='73'/>
                            </attachments>
                            <steps/>
                        </step>
                    </steps>
                </step>
            </steps>
            <attachments/>
            <failure>
                <message>THe browser has been: expected false to be true</message>
                <stack-trace>AssertionError: THe browser has been: expected false to be true
                    at Context.&lt;anonymous> (E:\Volvo Latest Test\test\First.js:7:16)
                    at Context.executeAsync (E:\Volvo Latest Test\node_modules\@wdio\utils\build\shim.js:136:25)
                    at Context.testFrameworkFnWrapper (E:\Volvo Latest Test\node_modules\@wdio\utils\build\test-framework\testFnWrapper.js:45:32)</stack-trace>
            </failure>
        </test-case>
    </test-cases>
</ns2:test-suite>