<?xml version='1.0'?>
<ns2:test-suite xmlns:ns2='urn:model.allure.qatools.yandex.ru' start='1623740898103' stop='1623740898331'>
    <name>Volvo Test Validation</name>
    <title>Volvo Test Validation</title>
    <test-cases>
        <test-case start='1623740898104' status='failed' stop='1623740898313'>
            <name>Login Website</name>
            <title>Login Website</title>
            <labels>
                <label name='language' value='javascript'/>
                <label name='framework' value='wdio'/>
                <label name='thread' value='0-0'/>
            </labels>
            <parameters>
                <parameter kind='argument' name='browser' value='chrome-91.0.4472.101'/>
            </parameters>
            <steps>
                <step start='1623740898198' status='failed' stop='1623740898313'>
                    <name>POST /session/:sessionId/element</name>
                    <title>POST /session/:sessionId/element</title>
                    <attachments>
                        <attachment title='Request' source='1231be70-ddff-46bc-8938-6fc33ec9811e-attachment.json' type='application/json' size='78'/>
                    </attachments>
                    <steps>
                        <step start='1623740898210' status='passed' stop='1623740898275'>
                            <name>POST /session/:sessionId/url</name>
                            <title>POST /session/:sessionId/url</title>
                            <attachments>
                                <attachment title='Request' source='240dd163-35d2-4b02-9e5e-a2af56352c69-attachment.json' type='application/json' size='73'/>
                                <attachment title='Response' source='d4b34726-c488-473a-8e20-cc6ec59af2c5-attachment.json' type='application/json' size='1020'/>
                            </attachments>
                            <steps/>
                        </step>
                        <step start='1623740898303' status='failed' stop='1623740898313'>
                            <name>GET /session/:sessionId/screenshot</name>
                            <title>GET /session/:sessionId/screenshot</title>
                            <attachments/>
                            <steps/>
                        </step>
                    </steps>
                </step>
                <step start='1623740898315' status='undefined'>
                    <name>POST /session/:sessionId/elements</name>
                    <title>POST /session/:sessionId/elements</title>
                    <attachments>
                        <attachment title='Request' source='12f66482-9c15-4523-a625-701c0262bf18-attachment.json' type='application/json' size='78'/>
                    </attachments>
                    <steps/>
                </step>
            </steps>
            <attachments/>
            <failure>
                <message>Text matches: expected {} to equal 'Ideas that change the world are often the most controversial.'</message>
                <stack-trace>AssertionError: Text matches: expected {} to equal 'Ideas that change the world are often the most controversial.'
                    at Context.&lt;anonymous> (E:\Volvo Latest Test\test\First.js:9:15)
                    at processTicksAndRejections (internal/process/task_queues.js:95:5)
                    at async Context.executeAsync (E:\Volvo Latest Test\node_modules\@wdio\utils\build\shim.js:136:16)
                    at async Context.testFrameworkFnWrapper (E:\Volvo Latest Test\node_modules\@wdio\utils\build\test-framework\testFnWrapper.js:52:18)</stack-trace>
            </failure>
        </test-case>
    </test-cases>
</ns2:test-suite>