<?xml version='1.0'?>
<ns2:test-suite xmlns:ns2='urn:model.allure.qatools.yandex.ru' start='1623740399029' stop='1623740399301'>
    <name>Volvo Test Validation</name>
    <title>Volvo Test Validation</title>
    <test-cases>
        <test-case start='1623740399031' status='failed' stop='1623740399250'>
            <name>Login Website</name>
            <title>Login Website</title>
            <labels>
                <label name='language' value='javascript'/>
                <label name='framework' value='wdio'/>
                <label name='thread' value='0-0'/>
            </labels>
            <parameters>
                <parameter kind='argument' name='browser' value='chrome-91.0.4472.101'/>
            </parameters>
            <steps>
                <step start='1623740399122' status='failed' stop='1623740399249'>
                    <name>POST /session/:sessionId/element</name>
                    <title>POST /session/:sessionId/element</title>
                    <attachments>
                        <attachment title='Request' source='9a067399-bdbc-4a11-86d0-a9602bc88257-attachment.json' type='application/json' size='78'/>
                    </attachments>
                    <steps>
                        <step start='1623740399134' status='passed' stop='1623740399206'>
                            <name>POST /session/:sessionId/url</name>
                            <title>POST /session/:sessionId/url</title>
                            <attachments>
                                <attachment title='Request' source='e54cd542-67bc-403d-93af-93d6433ec4ef-attachment.json' type='application/json' size='73'/>
                                <attachment title='Response' source='3abefae7-e8b0-43a8-a6c1-d8354fdd8907-attachment.json' type='application/json' size='1020'/>
                            </attachments>
                            <steps/>
                        </step>
                        <step start='1623740399237' status='failed' stop='1623740399249'>
                            <name>GET /session/:sessionId/screenshot</name>
                            <title>GET /session/:sessionId/screenshot</title>
                            <attachments/>
                            <steps>
                                <step start='1623740399240' status='failed' stop='1623740399249'>
                                    <name>POST /session/:sessionId/elements</name>
                                    <title>POST /session/:sessionId/elements</title>
                                    <attachments>
                                        <attachment title='Request' source='d09881c3-ece0-48b3-a094-7417d31a0607-attachment.json' type='application/json' size='78'/>
                                    </attachments>
                                    <steps/>
                                </step>
                            </steps>
                        </step>
                    </steps>
                </step>
                <step start='1623740399251' status='undefined'>
                    <name>POST /session/:sessionId/elements</name>
                    <title>POST /session/:sessionId/elements</title>
                    <attachments>
                        <attachment title='Request' source='a7352425-f57b-4ec0-bf42-16587f654031-attachment.json' type='application/json' size='78'/>
                    </attachments>
                    <steps/>
                </step>
            </steps>
            <attachments/>
            <failure>
                <message>Text matches: expected {} to equal 'Ideas that change the world are often the most controversial.'</message>
                <stack-trace>AssertionError: Text matches: expected {} to equal 'Ideas that change the world are often the most controversial.'
                    at Context.&lt;anonymous> (E:\Volvo Latest Test\test\First.js:9:15)
                    at processTicksAndRejections (internal/process/task_queues.js:95:5)
                    at async Context.executeAsync (E:\Volvo Latest Test\node_modules\@wdio\utils\build\shim.js:136:16)
                    at async Context.testFrameworkFnWrapper (E:\Volvo Latest Test\node_modules\@wdio\utils\build\test-framework\testFnWrapper.js:52:18)</stack-trace>
            </failure>
        </test-case>
    </test-cases>
</ns2:test-suite>