<?xml version='1.0'?>
<ns2:test-suite xmlns:ns2='urn:model.allure.qatools.yandex.ru' start='1623707337054' stop='1623707339469'>
    <name>Volvo Test Validation</name>
    <title>Volvo Test Validation</title>
    <test-cases>
        <test-case start='1623707337056' status='failed' stop='1623707339456'>
            <name>Login Website</name>
            <title>Login Website</title>
            <labels>
                <label name='language' value='javascript'/>
                <label name='framework' value='wdio'/>
                <label name='thread' value='0-0'/>
            </labels>
            <parameters>
                <parameter kind='argument' name='browser' value='Chrome-91.0.4472.77'/>
            </parameters>
            <steps/>
            <attachments/>
            <failure>
                <message>expected {} to equal 'A million more | Volvo Cars - International'</message>
                <stack-trace>AssertionError: expected {} to equal 'A million more | Volvo Cars - International'
                    at Context.&lt;anonymous> (E:\Volvo Latest Test\test\First.js:11:16)
                    at Context.executeAsync (E:\Volvo Latest Test\node_modules\@wdio\utils\build\shim.js:136:25)
                    at Context.testFrameworkFnWrapper (E:\Volvo Latest Test\node_modules\@wdio\utils\build\test-framework\testFnWrapper.js:45:32)</stack-trace>
            </failure>
        </test-case>
    </test-cases>
</ns2:test-suite>