<?xml version='1.0'?>
<ns2:test-suite xmlns:ns2='urn:model.allure.qatools.yandex.ru' start='1623740239283' stop='1623740242981'>
    <name>Volvo Test Validation</name>
    <title>Volvo Test Validation</title>
    <test-cases>
        <test-case start='1623740239283' status='failed' stop='1623740242968'>
            <name>Login Website</name>
            <title>Login Website</title>
            <labels>
                <label name='language' value='javascript'/>
                <label name='framework' value='wdio'/>
                <label name='thread' value='0-0'/>
            </labels>
            <parameters>
                <parameter kind='argument' name='browser' value='chrome-91.0.4472.101'/>
            </parameters>
            <steps>
                <step start='1623740242489' status='failed' stop='1623740242968'>
                    <name>POST /session/:sessionId/element</name>
                    <title>POST /session/:sessionId/element</title>
                    <attachments>
                        <attachment title='Request' source='22ad968a-e5c0-4075-b7e5-efa16d996ac9-attachment.json' type='application/json' size='78'/>
                    </attachments>
                    <steps>
                        <step start='1623740242533' status='passed' stop='1623740242900'>
                            <name>POST /session/:sessionId/url</name>
                            <title>POST /session/:sessionId/url</title>
                            <attachments>
                                <attachment title='Request' source='36059a8f-32d6-4df7-be6a-2e6f9e7862b2-attachment.json' type='application/json' size='73'/>
                                <attachment title='Response' source='6e458ca5-4006-4c9e-a81d-cb14e38799c1-attachment.json' type='application/json' size='1020'/>
                            </attachments>
                            <steps/>
                        </step>
                        <step start='1623740242957' status='failed' stop='1623740242968'>
                            <name>GET /session/:sessionId/screenshot</name>
                            <title>GET /session/:sessionId/screenshot</title>
                            <attachments/>
                            <steps/>
                        </step>
                    </steps>
                </step>
                <step start='1623740242973' status='undefined'>
                    <name>POST /session/:sessionId/elements</name>
                    <title>POST /session/:sessionId/elements</title>
                    <attachments>
                        <attachment title='Request' source='5c5af6c0-6323-4bc8-abec-f3018520a2db-attachment.json' type='application/json' size='78'/>
                    </attachments>
                    <steps/>
                </step>
            </steps>
            <attachments/>
            <failure>
                <message>Text matches: expected undefined to equal 'Ideas that change the world are often the most controversial.'</message>
                <stack-trace>AssertionError: Text matches: expected undefined to equal 'Ideas that change the world are often the most controversial.'
                    at Context.&lt;anonymous> (E:\Volvo Latest Test\test\First.js:9:15)
                    at processTicksAndRejections (internal/process/task_queues.js:95:5)
                    at async Context.executeAsync (E:\Volvo Latest Test\node_modules\@wdio\utils\build\shim.js:136:16)
                    at async Context.testFrameworkFnWrapper (E:\Volvo Latest Test\node_modules\@wdio\utils\build\test-framework\testFnWrapper.js:52:18)</stack-trace>
            </failure>
        </test-case>
    </test-cases>
</ns2:test-suite>