<?xml version='1.0'?>
<ns2:test-suite xmlns:ns2='urn:model.allure.qatools.yandex.ru' start='1623704812184' stop='1623704812439'>
    <name>Volvo Test Validation</name>
    <title>Volvo Test Validation</title>
    <test-cases>
        <test-case start='1623704812185' status='failed' stop='1623704812406'>
            <name>Login Website</name>
            <title>Login Website</title>
            <labels>
                <label name='language' value='javascript'/>
                <label name='framework' value='wdio'/>
                <label name='thread' value='0-0'/>
            </labels>
            <parameters>
                <parameter kind='argument' name='browser' value='chrome-91.0.4472.77'/>
            </parameters>
            <steps>
                <step start='1623704812274' status='failed' stop='1623704812406'>
                    <name>GET /session/:sessionId/title</name>
                    <title>GET /session/:sessionId/title</title>
                    <attachments/>
                    <steps>
                        <step start='1623704812348' status='failed' stop='1623704812406'>
                            <name>GET /session/:sessionId/screenshot</name>
                            <title>GET /session/:sessionId/screenshot</title>
                            <attachments/>
                            <steps>
                                <step start='1623704812355' status='failed' stop='1623704812406'>
                                    <name>POST /session/:sessionId/url</name>
                                    <title>POST /session/:sessionId/url</title>
                                    <attachments>
                                        <attachment title='Request' source='fb654284-eb3b-4e98-88d6-cb813191c704-attachment.json' type='application/json' size='73'/>
                                    </attachments>
                                    <steps/>
                                </step>
                            </steps>
                        </step>
                    </steps>
                </step>
            </steps>
            <attachments/>
            <failure>
                <message>Expected values to be strictly equal:
                + actual - expected
                
                + Promise {
                +   &lt;pending>
                + }
                - 'A million more | Volvo Cars - International'</message>
                <stack-trace>AssertionError [ERR_ASSERTION]: Expected values to be strictly equal:
                + actual - expected
                
                + Promise {
                +   &lt;pending>
                + }
                - 'A million more | Volvo Cars - International'
                    at Context.&lt;anonymous> (E:\Volvo Latest Test\test\First.js:10:16)
                    at Context.executeAsync (E:\Volvo Latest Test\node_modules\@wdio\utils\build\shim.js:136:25)
                    at Context.testFrameworkFnWrapper (E:\Volvo Latest Test\node_modules\@wdio\utils\build\test-framework\testFnWrapper.js:45:32)</stack-trace>
            </failure>
        </test-case>
        <test-case start='1623704812410' status='failed' stop='1623704812433'>
            <name>Navigation Icons</name>
            <title>Navigation Icons</title>
            <labels>
                <label name='language' value='javascript'/>
                <label name='framework' value='wdio'/>
                <label name='thread' value='0-0'/>
            </labels>
            <parameters>
                <parameter kind='argument' name='browser' value='chrome-91.0.4472.77'/>
            </parameters>
            <steps>
                <step start='1623704812417' status='failed' stop='1623704812433'>
                    <name>GET /session/:sessionId/screenshot</name>
                    <title>GET /session/:sessionId/screenshot</title>
                    <attachments/>
                    <steps>
                        <step start='1623704812425' status='failed' stop='1623704812433'>
                            <name>POST /session/:sessionId/element</name>
                            <title>POST /session/:sessionId/element</title>
                            <attachments>
                                <attachment title='Request' source='1e868c61-780d-4ec4-bcb9-4dc0f460278d-attachment.json' type='application/json' size='72'/>
                            </attachments>
                            <steps/>
                        </step>
                    </steps>
                </step>
            </steps>
            <attachments/>
            <failure>
                <message>Expected values to be strictly equal:
                + actual - expected
                
                + Promise {
                +   &lt;pending>
                + }
                - 'Our Cars'</message>
                <stack-trace>AssertionError [ERR_ASSERTION]: Expected values to be strictly equal:
                + actual - expected
                
                + Promise {
                +   &lt;pending>
                + }
                - 'Our Cars'
                    at Context.&lt;anonymous> (E:\Volvo Latest Test\test\First.js:17:16)
                    at Context.executeAsync (E:\Volvo Latest Test\node_modules\@wdio\utils\build\shim.js:136:25)
                    at Context.testFrameworkFnWrapper (E:\Volvo Latest Test\node_modules\@wdio\utils\build\test-framework\testFnWrapper.js:45:32)</stack-trace>
            </failure>
        </test-case>
    </test-cases>
</ns2:test-suite>