<?xml version='1.0'?>
<ns2:test-suite xmlns:ns2='urn:model.allure.qatools.yandex.ru' start='1623705017321' stop='1623705017463'>
    <name>Volvo Test Validation</name>
    <title>Volvo Test Validation</title>
    <test-cases>
        <test-case start='1623705017322' status='failed' stop='1623705017441'>
            <name>Login Website</name>
            <title>Login Website</title>
            <labels>
                <label name='language' value='javascript'/>
                <label name='framework' value='wdio'/>
                <label name='thread' value='0-0'/>
            </labels>
            <parameters>
                <parameter kind='argument' name='browser' value='chrome-91.0.4472.77'/>
            </parameters>
            <steps>
                <step start='1623705017409' status='failed' stop='1623705017440'>
                    <name>GET /session/:sessionId/title</name>
                    <title>GET /session/:sessionId/title</title>
                    <attachments/>
                    <steps>
                        <step start='1623705017422' status='failed' stop='1623705017440'>
                            <name>GET /session/:sessionId/screenshot</name>
                            <title>GET /session/:sessionId/screenshot</title>
                            <attachments/>
                            <steps>
                                <step start='1623705017426' status='failed' stop='1623705017440'>
                                    <name>POST /session/:sessionId/url</name>
                                    <title>POST /session/:sessionId/url</title>
                                    <attachments>
                                        <attachment title='Request' source='37a2ce0e-23f7-4355-a5bb-641a5942d983-attachment.json' type='application/json' size='73'/>
                                    </attachments>
                                    <steps/>
                                </step>
                            </steps>
                        </step>
                    </steps>
                </step>
            </steps>
            <attachments/>
            <failure>
                <message>expected {} to equal 'A million more | Volvo Cars - International'</message>
                <stack-trace>AssertionError: expected {} to equal 'A million more | Volvo Cars - International'
                    at Context.&lt;anonymous> (E:\Volvo Latest Test\test\First.js:10:16)
                    at Context.executeAsync (E:\Volvo Latest Test\node_modules\@wdio\utils\build\shim.js:136:25)
                    at Context.testFrameworkFnWrapper (E:\Volvo Latest Test\node_modules\@wdio\utils\build\test-framework\testFnWrapper.js:45:32)</stack-trace>
            </failure>
        </test-case>
    </test-cases>
</ns2:test-suite>