<?xml version='1.0'?>
<ns2:test-suite xmlns:ns2='urn:model.allure.qatools.yandex.ru' start='1623786856734' stop='1623786875043'>
    <name>Volvo Test Validation</name>
    <title>Volvo Test Validation</title>
    <test-cases>
        <test-case start='1623786856735' status='failed' stop='1623786875039'>
            <name>Login Website</name>
            <title>Login Website</title>
            <labels>
                <label name='language' value='javascript'/>
                <label name='framework' value='wdio'/>
                <label name='thread' value='0-0'/>
            </labels>
            <parameters>
                <parameter kind='argument' name='browser' value='chrome-91.0.4472.101'/>
            </parameters>
            <steps>
                <step start='1623786856754' status='passed' stop='1623786872841'>
                    <name>POST /session/:sessionId/url</name>
                    <title>POST /session/:sessionId/url</title>
                    <attachments>
                        <attachment title='Request' source='bb781ae8-9f2d-4078-954d-f26f4427e713-attachment.json' type='application/json' size='73'/>
                    </attachments>
                    <steps/>
                </step>
                <step start='1623786872841' status='passed' stop='1623786873188'>
                    <name>GET /session/:sessionId/title</name>
                    <title>GET /session/:sessionId/title</title>
                    <attachments>
                        <attachment title='Response' source='67fb2e20-534f-4e47-9231-838584831734-attachment.json' type='application/json' size='45'/>
                    </attachments>
                    <steps/>
                </step>
                <step start='1623786873219' status='passed' stop='1623786874902'>
                    <name>GET /session/:sessionId/screenshot</name>
                    <title>GET /session/:sessionId/screenshot</title>
                    <attachments>
                        <attachment title='Screenshot' source='7f3d6eaa-79e3-4e8a-b8eb-96714f9b8f47-attachment.png' type='image/png' size='143943'/>
                    </attachments>
                    <steps/>
                </step>
            </steps>
            <attachments/>
            <failure>
                <message>expected 'A million more | Volvo Cars - International' to equal 'Ideas that change the world are often the most controversial.'</message>
                <stack-trace>AssertionError: expected 'A million more | Volvo Cars - International' to equal 'Ideas that change the world are often the most controversial.'
                    at Context.&lt;anonymous> (E:\Volvo Latest Test\test\first.js:11:8)
                    at processTicksAndRejections (internal/process/task_queues.js:95:5)
                    at async Context.executeAsync (E:\Volvo Latest Test\node_modules\@wdio\utils\build\shim.js:136:16)
                    at async Context.testFrameworkFnWrapper (E:\Volvo Latest Test\node_modules\@wdio\utils\build\test-framework\testFnWrapper.js:52:18)</stack-trace>
            </failure>
        </test-case>
    </test-cases>
</ns2:test-suite>