<?xml version='1.0'?>
<ns2:test-suite xmlns:ns2='urn:model.allure.qatools.yandex.ru' start='1623707799305' stop='1623707799424'>
    <name>Volvo Test Validation</name>
    <title>Volvo Test Validation</title>
    <test-cases>
        <test-case start='1623707799306' status='failed' stop='1623707799401'>
            <name>Login Website</name>
            <title>Login Website</title>
            <labels>
                <label name='language' value='javascript'/>
                <label name='framework' value='wdio'/>
                <label name='thread' value='0-0'/>
            </labels>
            <parameters>
                <parameter kind='argument' name='browser' value='Chrome-91.0.4472.77'/>
            </parameters>
            <steps>
                <step start='1623707799410' status='undefined'>
                    <name>getTitle</name>
                    <title>getTitle</title>
                    <attachments/>
                    <steps>
                        <step start='1623707799411' status='undefined'>
                            <name>takeScreenshot</name>
                            <title>takeScreenshot</title>
                            <attachments/>
                            <steps>
                                <step start='1623707799413' status='undefined'>
                                    <name>navigateTo</name>
                                    <title>navigateTo</title>
                                    <attachments>
                                        <attachment title='Request' source='747a3516-bcba-43e8-a748-946ab908ad5a-attachment.json' type='application/json' size='73'/>
                                    </attachments>
                                    <steps/>
                                </step>
                            </steps>
                        </step>
                    </steps>
                </step>
            </steps>
            <attachments/>
            <failure>
                <message>expected {} to equal 'A million more | Volvo Cars - International'</message>
                <stack-trace>AssertionError: expected {} to equal 'A million more | Volvo Cars - International'
                    at Context.&lt;anonymous> (E:\Volvo Latest Test\test\First.js:9:16)
                    at Context.executeAsync (E:\Volvo Latest Test\node_modules\@wdio\utils\build\shim.js:136:25)
                    at Context.testFrameworkFnWrapper (E:\Volvo Latest Test\node_modules\@wdio\utils\build\test-framework\testFnWrapper.js:45:32)</stack-trace>
            </failure>
        </test-case>
    </test-cases>
</ns2:test-suite>