<?xml version='1.0'?>
<ns2:test-suite xmlns:ns2='urn:model.allure.qatools.yandex.ru' start='1623707481027' stop='1623707481189'>
    <name>Volvo Test Validation</name>
    <title>Volvo Test Validation</title>
    <test-cases>
        <test-case start='1623707481028' status='failed' stop='1623707481128'>
            <name>Login Website</name>
            <title>Login Website</title>
            <labels>
                <label name='language' value='javascript'/>
                <label name='framework' value='wdio'/>
                <label name='thread' value='0-0'/>
            </labels>
            <parameters>
                <parameter kind='argument' name='browser' value='Chrome-91.0.4472.77'/>
            </parameters>
            <steps>
                <step start='1623707481137' status='undefined'>
                    <name>getTitle</name>
                    <title>getTitle</title>
                    <attachments/>
                    <steps>
                        <step start='1623707481138' status='undefined'>
                            <name>takeScreenshot</name>
                            <title>takeScreenshot</title>
                            <attachments/>
                            <steps>
                                <step start='1623707481139' status='undefined'>
                                    <name>navigateTo</name>
                                    <title>navigateTo</title>
                                    <attachments>
                                        <attachment title='Request' source='1ffdcc79-7095-462e-bae4-58623a50a8dc-attachment.json' type='application/json' size='41'/>
                                    </attachments>
                                    <steps/>
                                </step>
                            </steps>
                        </step>
                    </steps>
                </step>
            </steps>
            <attachments/>
            <failure>
                <message>expected {} to equal 'A million more | Volvo Cars - International'</message>
                <stack-trace>AssertionError: expected {} to equal 'A million more | Volvo Cars - International'
                    at Context.&lt;anonymous> (E:\Volvo Latest Test\test\First.js:11:16)
                    at Context.executeAsync (E:\Volvo Latest Test\node_modules\@wdio\utils\build\shim.js:136:25)
                    at Context.testFrameworkFnWrapper (E:\Volvo Latest Test\node_modules\@wdio\utils\build\test-framework\testFnWrapper.js:45:32)</stack-trace>
            </failure>
        </test-case>
    </test-cases>
</ns2:test-suite>